
--- NEW SESSION: 12/09/2024 13:04:49 ---
/Finger/ElasticMaterialObject/femPoints1/pointsInFEM.constraint = Constraint ID : 0  dof ID : 0  value : -0.193532 0.981089 0.00308302  
Constraint ID : 1  dof ID : 0  value : -0.0163889 -9.08781e-05 -0.999866  
Constraint ID : 2  dof ID : 1  value : 0.0673138 0.997731 -0.000879061  
Constraint ID : 3  dof ID : 1  value : -0.0127821 -1.86201e-05 -0.999918  
Constraint ID : 4  dof ID : 2  value : -0.193532 0.981089 0.00308302  
Constraint ID : 5  dof ID : 2  value : -0.00773691 0.00161615 -0.999969  
Constraint ID : 6  dof ID : 3  value : -0.193532 0.981089 0.00308302  
Constraint ID : 7  dof ID : 3  value : -0.00883528 0.00139946 -0.99996  
Constraint ID : 8  dof ID : 4  value : -0.16009 0.9871 0.00220335  
Constraint ID : 9  dof ID : 4  value : -0.00476387 0.0014595 -0.999988  
Constraint ID : 10  dof ID : 5  value : -0.212267 0.977208 0.00269766  
Constraint ID : 11  dof ID : 5  value : 0.00232523 0.00326564 -0.999992  
Constraint ID : 12  dof ID : 6  value : 0.981119 0.193306 0.00612646  
Constraint ID : 13  dof ID : 6  value : -0.193532 0.981089 0.00308302  
Constraint ID : 14  dof ID : 6  value : -0.00531298 -0.00419043 0.999977  

/Finger/ElasticMaterialObject/femPoints1/pointsInFEM.showColor = 1 1 1 1
/Finger/ElasticMaterialObject/femPoints2/pointsInFEM.constraint = Constraint ID : 15  dof ID : 0  value : 0.0113277 0.999936 0.000219193  
Constraint ID : 16  dof ID : 0  value : -0.00836504 0.000313962 -0.999965  
Constraint ID : 17  dof ID : 1  value : -0.0494435 0.998747 0.00774392  
Constraint ID : 18  dof ID : 1  value : -0.0137967 0.00706969 -0.99988  
Constraint ID : 19  dof ID : 2  value : -0.00489242 0.999981 0.00383618  
Constraint ID : 20  dof ID : 2  value : -0.00846092 0.00379469 -0.999957  
Constraint ID : 21  dof ID : 3  value : -0.0466596 0.998894 0.00580428  
Constraint ID : 22  dof ID : 3  value : -0.00527129 0.00556431 -0.999971  
Constraint ID : 23  dof ID : 4  value : -0.0494435 0.998747 0.00774392  
Constraint ID : 24  dof ID : 4  value : 0.00286877 0.00789539 -0.999965  
Constraint ID : 25  dof ID : 5  value : -0.0494435 0.998747 0.00774392  
Constraint ID : 26  dof ID : 5  value : 0.00154169 0.00782972 -0.999968  
Constraint ID : 27  dof ID : 6  value : 0.998313 0.0574335 -0.00853819  
Constraint ID : 28  dof ID : 6  value : -0.0494435 0.998747 0.00774392  
Constraint ID : 29  dof ID : 6  value : 0.00991304 -0.0072623 0.999924  

/Finger/ElasticMaterialObject/femPoints2/pointsInFEM.showColor = 1 1 1 1

--- NEW SESSION: 12/09/2024 13:09:48 ---
/Cables/cableNode2/cosserat/rigidBase/cosseratInSofaFrameNode/slidingPoint/cablePos.constraint = Constraint ID : 15  dof ID : 1  value : 0.558591 -0.82943 -0.00471176  
Constraint ID : 16  dof ID : 1  value : 0.00708669 -0.000907944 0.999974  
Constraint ID : 17  dof ID : 7  value : 0.0147741 -0.999889 0.00173192  
Constraint ID : 18  dof ID : 7  value : 0.00120224 0.00174987 0.999998  
Constraint ID : 19  dof ID : 13  value : 0.558591 -0.82943 -0.00471176  
Constraint ID : 20  dof ID : 13  value : 0.0146591 0.00419233 0.999884  
Constraint ID : 21  dof ID : 18  value : 0.558591 -0.82943 -0.00471176  
Constraint ID : 22  dof ID : 18  value : 0.00915302 0.000483741 0.999958  
Constraint ID : 23  dof ID : 23  value : 0.491598 -0.870815 -0.00362296  
Constraint ID : 24  dof ID : 23  value : 0.0132935 0.00334446 0.999906  
Constraint ID : 25  dof ID : 25  value : 0.550267 -0.834976 -0.00454753  
Constraint ID : 26  dof ID : 25  value : 0.0128259 0.0030067 0.999913  
Constraint ID : 27  dof ID : 30  value : -0.828799 -0.559451 0.0103185  
Constraint ID : 28  dof ID : 30  value : 0.558591 -0.82943 -0.00471176  
Constraint ID : 29  dof ID : 30  value : -0.0111199 -0.0018085 -0.999937  

/Cables/cableNode2/cosserat/rigidBase/cosseratInSofaFrameNode/slidingPoint/cablePos.showColor = 1 1 1 1
/Cables/cableNode2/cosserat/rigidBase/cosseratInSofaFrameNode/FramesMO.position = 4.99973 0.000394918 -6.81571e-05 -1.55754e-19 8.43793e-05 0.00048277 1 7.86383 0.104171 -0.0202715 -0.000235769 0.00695921 0.0357273 0.999337 10.713 0.40942 -0.0798738 -0.000471235 0.0138251 0.0709258 0.997386 13.5422 0.861096 -0.168453 -0.000632716 0.0134918 0.0682777 0.997575 16.3943 1.13604 -0.224318 -0.000719805 0.00595614 0.0277676 0.999596 19.2598 1.17896 -0.236865 -0.00080567 -0.00158967 -0.0127899 0.999917 22.1263 1.16348 -0.231954 -0.000865102 -0.000119452 0.00738734 0.999972 24.991 1.26364 -0.235573 -0.000924181 0.00135081 0.0275616 0.999619 27.8488 1.48503 -0.248418 -0.000958035 0.00330026 0.0517404 0.998655 30.6901 1.86153 -0.274602 -0.000966367 0.005727 0.0798973 0.996786 33.5055 2.39769 -0.314724 -0.000973925 0.00814914 0.10799 0.994118 36.2955 3.05428 -0.361297 -0.000813458 0.00799964 0.122613 0.992422 39.0649 3.79273 -0.406888 -0.000652814 0.0078484 0.13721 0.990511 41.813 4.60745 -0.450592 -0.000446058 0.00709404 0.148203 0.988931 44.5471 5.46824 -0.487227 -0.000193284 0.00573754 0.155609 0.987802 47.268 6.36992 -0.515923 5.95021e-05 0.00438071 0.163005 0.986615 49.9746 7.31407 -0.54059 8.97535e-05 0.00437234 0.171045 0.985253 52.6654 8.30224 -0.565141 0.000119999 0.00436367 0.179074 0.983826 55.3388 9.33679 -0.590112 9.49882e-05 0.00473117 0.189028 0.98196 57.9873 10.4331 -0.618745 1.47182e-05 0.00547452 0.200896 0.979597 60.6084 11.5932 -0.651565 -6.55539e-05 0.00621707 0.212734 0.97709 63.1892 12.8401 -0.687122 1.39967e-05 0.00649582 0.233495 0.972336 65.7146 14.1957 -0.72393 9.35409e-05 0.00677163 0.254151 0.967141 68.1819 15.6544 -0.761612 0.000214681 0.0068251 0.272057 0.962257 70.5998 17.1937 -0.798243 0.000377399 0.00665724 0.287249 0.957833 72.9678 18.8088 -0.833473 0.000540022 0.00648771 0.302368 0.953169 75.3155 20.4534 -0.8672 0.000607011 0.00621056 0.29921 0.954167 77.6741 22.0825 -0.899341 0.000673994 0.00593333 0.296048 0.955154 80.0425 23.6972 -0.930033 0.000717768 0.00575211 0.29398 0.955794 82.4151 25.3058 -0.9601 0.000738339 0.00566693 0.293008 0.956093 84.791 26.9096 -0.98968 0.000758909 0.00558175 0.292035 0.956391
/Cables/cableNode2/cosserat/rigidBase/cosseratInSofaFrameNode/FramesMO.derivX = 0 0 0 0 0 0 0 0 0 0 0 0 0 0 0 0 0 0 0 0 0 0 0 0 0 0 0 0 0 0 0 0 0 0 0 0 0 0 0 0 0 0 0 0 0 0 0 0 0 0 0 0 0 0 0 0 0 0 0 0 0 0 0 0 0 0 0 0 0 0 0 0 0 0 0 0 0 0 0 0 0 0 0 0 0 0 0 0 0 0 0 0 0 0 0 0 0 0 0 0 0 0 0 0 0 0 0 0 0 0 0 0 0 0 0 0 0 0 0 0 0 0 0 0 0 0 0 0 0 0 0 0 0 0 0 0 0 0 0 0 0 0 0 0 0 0 0 0 0 0 0 0 0 0 0 0 0 0 0 0 0 0 0 0 0 0 0 0 0 0 0 0 0 0 0 0 0 0 0 0 0 0 0 0 0 0
/Cables/cableNode2/cosserat/rigidBase/cosseratInSofaFrameNode/FramesMO.velocity = -1.51849e-14 1.67141e-15 -5.76904e-16 9.02968e-18 1.19804e-15 3.59391e-15 -1.76793e-14 1.40795e-13 -2.66127e-14 1.62608e-14 1.73049e-14 9.33301e-14 -3.43127e-14 5.37645e-13 -9.69587e-14 3.31391e-14 3.37978e-14 1.8288e-13 -7.17031e-14 1.13546e-12 -2.12784e-13 4.48808e-14 5.30423e-14 1.93482e-13 -9.75709e-14 1.59472e-12 -3.89072e-13 5.16317e-14 7.4672e-14 1.25315e-13 -1.09918e-13 1.85837e-12 -6.28632e-13 5.91923e-14 9.62024e-14 5.72013e-14 -1.15453e-13 1.96059e-12 -8.20517e-13 6.71743e-14 4.22604e-14 1.27392e-14 -1.14311e-13 1.93593e-12 -8.53381e-13 7.61146e-14 -1.15145e-14 -3.17429e-14 -1.083e-13 1.86726e-12 -7.49826e-13 8.40564e-14 -3.23385e-14 3.93477e-14 -1.51831e-13 2.2486e-12 -6.4674e-13 9.01044e-14 -2.02243e-14 2.26025e-13 -2.92574e-13 3.15719e-12 -5.66056e-13 9.59092e-14 -7.95331e-15 4.12699e-13 -4.00333e-13 3.76157e-12 -5.16662e-13 9.15592e-14 7.00379e-15 1.26803e-14 -2.96797e-13 3.23883e-12 -5.08358e-13 8.72544e-14 2.20326e-14 -3.87336e-13 5.24503e-14 1.5983e-12 -5.40095e-13 8.31599e-14 3.6237e-14 -7.84001e-13 7.2281e-13 -1.12788e-12 -6.0428e-13 7.92835e-14 4.9699e-14 -1.17731e-12 1.79143e-12 -4.91514e-12 -7.00074e-13 7.5457e-14 6.3344e-14 -1.57061e-12 3.03356e-12 -8.9434e-12 -8.12752e-13 8.13749e-14 6.74148e-14 -1.37275e-12 4.16378e-12 -1.24118e-11 -9.27028e-13 8.72887e-14 7.15606e-14 -1.17488e-12 5.1519e-12 -1.5264e-11 -1.03463e-12 9.65751e-14 6.68304e-14 -8.90752e-13 5.88078e-12 -1.71459e-11 -1.08778e-12 1.09801e-13 5.34721e-14 -5.20368e-13 6.26019e-12 -1.80235e-11 -1.07724e-12 1.23763e-13 4.05438e-14 -1.49996e-13 6.46378e-12 -1.84525e-11 -1.01609e-12 1.28728e-13 3.15014e-14 -1.84665e-13 6.72006e-12 -1.89663e-11 -9.18374e-13 1.3386e-13 2.25627e-14 -2.19337e-13 7.08917e-12 -1.96686e-11 -7.92548e-13 1.31556e-13 2.37065e-14 -4.21094e-13 7.93379e-12 -2.11797e-11 -6.89571e-13 1.21503e-13 3.47917e-14 -7.89931e-13 9.36031e-12 -2.35758e-11 -6.18627e-13 1.11198e-13 4.57892e-14 -1.15876e-12 1.11178e-11 -2.65107e-11 -6.0186e-13 9.8811e-14 6.63434e-14 -1.23087e-12 1.29161e-11 -2.96612e-11 -6.6089e-13 8.68812e-14 8.71464e-14 -1.30298e-12 1.49935e-11 -3.34594e-11 -7.80537e-13 7.774e-14 8.69638e-14 -2.06517e-12 1.88285e-11 -4.0478e-11 -8.7019e-13 7.10298e-14 6.56086e-14 -3.51743e-12 2.46797e-11 -5.11392e-11 -9.149e-13 6.43044e-14 4.4245e-14 -4.96969e-12
/Cables/cableNode2/cosserat/rigidBase/cosseratInSofaFrameNode/FramesMO.force = 0 0 0 0 0 0 0 0 0 0 0 0 0 0 0 0 0 0 0 0 0 0 0 0 0 0 0 0 0 0 0 0 0 0 0 0 0 0 0 0 0 0 0 0 0 0 0 0 0 0 0 0 0 0 0 0 0 0 0 0 0 0 0 0 0 0 0 0 0 0 0 0 0 0 0 0 0 0 0 0 0 0 0 0 0 0 0 0 0 0 0 0 0 0 0 0 0 0 0 0 0 0 0 0 0 0 0 0 0 0 0 0 0 0 0 0 0 0 0 0 0 0 0 0 0 0 0 0 0 0 0 0 0 0 0 0 0 0 0 0 0 0 0 0 0 0 0 0 0 0 0 0 0 0 0 0 0 0 0 0 0 0 0 0 0 0 0 0 0 0 0 0 0 0 0 0 0 0 0 0 0 0 0 0 0 0
/Cables/cableNode2/cosserat/rigidBase/cosseratInSofaFrameNode/FramesMO.dforce(V_DERIV) = 0 0 0 0 0 0 0 0 0 0 0 0 0 0 0 0 0 0 0 0 0 0 0 0 0 0 0 0 0 0 0 0 0 0 0 0 0 0 0 0 0 0 0 0 0 0 0 0 0 0 0 0 0 0 0 0 0 0 0 0 0 0 0 0 0 0 0 0 0 0 0 0 0 0 0 0 0 0 0 0 0 0 0 0 0 0 0 0 0 0 0 0 0 0 0 0 0 0 0 0 0 0 0 0 0 0 0 0 0 0 0 0 0 0 0 0 0 0 0 0 0 0 0 0 0 0 0 0 0 0 0 0 0 0 0 0 0 0 0 0 0 0 0 0 0 0 0 0 0 0 0 0 0 0 0 0 0 0 0 0 0 0 0 0 0 0 0 0 0 0 0 0 0 0 0 0 0 0 0 0 0 0 0 0 0 0
/Cables/cableNode2/cosserat/rigidBase/cosseratInSofaFrameNode/FramesMO.free_velocity = -0.0043924 -0.00145095 0.000803842 2.071e-19 -0.00184726 -0.00336822 0.00233581 -0.332368 0.155517 -0.00228299 -0.106151 -0.227531 0.0481983 -1.30518 0.608511 -0.00456598 -0.210455 -0.451693 0.151851 -2.79135 1.29786 -0.00598029 -0.229402 -0.498058 0.223467 -4.02939 1.85866 -0.00652594 -0.162994 -0.366626 0.257894 -4.89168 2.22982 -0.00707159 -0.0965862 -0.235194 0.294273 -5.80955 2.52045 -0.00883007 -0.106885 -0.405464 0.374858 -7.21406 2.83961 -0.0105886 -0.117185 -0.575734 0.529476 -9.17295 3.18731 -0.0134487 -0.128347 -0.843579 0.870069 -12.096 3.56493 -0.0174106 -0.140373 -1.209 1.48862 -16.0384 3.97104 -0.0213725 -0.152399 -1.57442 2.33354 -20.6477 4.38135 -0.0242932 -0.146898 -1.69379 3.304 -25.5815 4.7727 -0.027214 -0.141398 -1.81315 4.43751 -30.9012 5.14188 -0.0323114 -0.132714 -2.02832 5.93441 -36.9816 5.47027 -0.0395856 -0.120847 -2.33928 7.87905 -43.8654 5.75371 -0.0468598 -0.10898 -2.65024 10.1867 -51.3243 6.01602 -0.0477594 -0.111806 -2.79561 12.7428 -59.1415 6.28163 -0.0486591 -0.114632 -2.94099 15.6107 -67.3758 6.55013 -0.0505076 -0.118625 -3.19556 19.1333 -76.3963 6.81977 -0.053305 -0.123786 -3.55932 23.4314 -86.2244 7.08893 -0.0561024 -0.128946 -3.92309 28.3441 -96.619 7.35457 -0.0580966 -0.129955 -4.09611 33.6741 -107.363 7.61438 -0.0600909 -0.130963 -4.26912 39.4632 -118.463 7.86635 -0.0635547 -0.130719 -4.48418 45.8951 -130.02 8.09994 -0.0684882 -0.129222 -4.74127 53.0271 -142.024 8.31274 -0.0734216 -0.127724 -4.99836 60.2552 -154.087 8.51417 -0.0731448 -0.123889 -4.81064 66.9657 -165.829 8.71397 -0.0728679 -0.120053 -4.62292 73.2415 -177.282 8.91207 -0.0727417 -0.118305 -4.53734 79.4935 -188.718 9.11008 -0.0727661 -0.118643 -4.55389 85.7892 -200.185 9.30827 -0.0727906 -0.118981 -4.57044
/Cables/cableNode2/cosserat/rigidBase/cosseratInSofaFrameNode/FramesMO.constraint = Constraint ID : 15  dof ID : 1  value : 0.000370504 -1 -3.7643e-08 0 0 0  
Constraint ID : 16  dof ID : 1  value : 0.00593908 2.16281e-06 0.999982 0 0 0  
Constraint ID : 17  dof ID : 8  value : 0.0632891 -0.997994 -0.00135703 0 0 0  
Constraint ID : 18  dof ID : 8  value : 0.0135005 -0.000503487 0.999909 0 0 0  
Constraint ID : 19  dof ID : 13  value : 0.198123 -0.980171 -0.00338551 0 0 0  
Constraint ID : 20  dof ID : 13  value : 0.0152232 -0.000376507 0.999884 0 0 0  
Constraint ID : 21  dof ID : 18  value : 0.317901 -0.948111 -0.0049937 0 0 0  
Constraint ID : 22  dof ID : 18  value : 0.0129651 -0.000919375 0.999916 0 0 0  
Constraint ID : 23  dof ID : 23  value : 0.452526 -0.891725 -0.00682391 0 0 0  
Constraint ID : 24  dof ID : 23  value : 0.0146673 -0.00020843 0.999892 0 0 0  
Constraint ID : 25  dof ID : 25  value : 0.498209 -0.867024 -0.00754249 0 0 0  
Constraint ID : 26  dof ID : 25  value : 0.014382 -0.000434215 0.999896 0 0 0  
Constraint ID : 27  dof ID : 30  value : -0.876597 -0.481096 0.0111225 0 0 0  
Constraint ID : 28  dof ID : 30  value : 0.481838 -0.876229 -0.00738198 0 0 0  
Constraint ID : 29  dof ID : 30  value : -0.0133169 0.00110101 -0.999911 0 0 0  

/Cables/cableNode2/cosserat/rigidBase/cosseratInSofaFrameNode/FramesMO.showColor = 1 1 1 1
/Cables/cableNode2/cosserat/rigidBase/cosseratInSofaFrameNode/FramesMO.constraint_dx = 4.3924e-05 1.45095e-05 -8.03842e-06 8.84852e-20 1.84726e-05 3.36822e-05 -2.33581e-05 0.00332368 -0.00155517 2.28299e-05 0.00106151 0.00227531 -0.000481983 0.0130518 -0.00608511 4.56598e-05 0.00210455 0.00451693 -0.00151851 0.0279135 -0.0129786 5.98029e-05 0.00229402 0.00498058 -0.00223467 0.0402939 -0.0185866 6.52594e-05 0.00162994 0.00366626 -0.00257894 0.0489168 -0.0222982 7.07159e-05 0.000965862 0.00235194 -0.00294273 0.0580955 -0.0252045 8.83007e-05 0.00106885 0.00405464 -0.00374858 0.0721406 -0.0283961 0.000105886 0.00117185 0.00575734 -0.00529476 0.0917295 -0.0318731 0.000134487 0.00128347 0.00843579 -0.00870069 0.12096 -0.0356493 0.000174106 0.00140373 0.01209 -0.0148862 0.160384 -0.0397104 0.000213725 0.00152399 0.0157442 -0.0233354 0.206477 -0.0438135 0.000242932 0.00146898 0.0169379 -0.03304 0.255815 -0.047727 0.00027214 0.00141398 0.0181315 -0.0443751 0.309012 -0.0514188 0.000323114 0.00132714 0.0202832 -0.0593441 0.369816 -0.0547027 0.000395856 0.00120847 0.0233928 -0.0787905 0.438654 -0.0575371 0.000468598 0.0010898 0.0265024 -0.101867 0.513243 -0.0601602 0.000477594 0.00111806 0.0279561 -0.127428 0.591415 -0.0628163 0.000486591 0.00114632 0.0294099 -0.156107 0.673758 -0.0655013 0.000505076 0.00118625 0.0319556 -0.191333 0.763963 -0.0681977 0.00053305 0.00123786 0.0355932 -0.234314 0.862244 -0.0708893 0.000561024 0.00128946 0.0392309 -0.283441 0.96619 -0.0735457 0.000580966 0.00129955 0.0409611 -0.336741 1.07363 -0.0761438 0.000600909 0.00130963 0.0426912 -0.394632 1.18463 -0.0786635 0.000635547 0.00130719 0.0448418 -0.458951 1.3002 -0.0809994 0.000684882 0.00129222 0.0474127 -0.530271 1.42024 -0.0831274 0.000734216 0.00127724 0.0499836 -0.602552 1.54087 -0.0851417 0.000731448 0.00123889 0.0481064 -0.669657 1.65829 -0.0871397 0.000728679 0.00120053 0.0462292 -0.732415 1.77282 -0.0891207 0.000727417 0.00118305 0.0453734 -0.794935 1.88718 -0.0911008 0.000727661 0.00118643 0.0455389 -0.857892 2.00185 -0.0930827 0.000727906 0.00118981 0.0457044
/Cables/cableNode2/cosserat/rigidBase/cosseratInSofaFrameNode/FramesMO.lambda = 0 0 0 0 0 0 0 0 0 0 0 0 0 0 0 0 0 0 0 0 0 0 0 0 0 0 0 0 0 0 0 0 0 0 0 0 0 0 0 0 0 0 0 0 0 0 0 0 0 0 0 0 0 0 0 0 0 0 0 0 0 0 0 0 0 0 0 0 0 0 0 0 0 0 0 0 0 0 0 0 0 0 0 0 0 0 0 0 0 0 0 0 0 0 0 0 0 0 0 0 0 0 0 0 0 0 0 0 0 0 0 0 0 0 0 0 0 0 0 0 0 0 0 0 0 0 0 0 0 0 0 0 0 0 0 0 0 0 0 0 0 0 0 0 0 0 0 0 0 0 0 0 0 0 0 0 0 0 0 0 0 0 0 0 0 0 0 0 0 0 0 0 0 0 0 0 0 0 0 0 0 0 0 0 0 0
/Cables/cableNode2/cosserat/rigidBase/cosseratInSofaFrameNode/FramesMO.solution = 0 0 0 0 0 0 0 0 0 0 0 0 0 0 0 0 0 0 0 0 0 0 0 0 0 0 0 0 0 0 0 0 0 0 0 0 0 0 0 0 0 0 0 0 0 0 0 0 0 0 0 0 0 0 0 0 0 0 0 0 0 0 0 0 0 0 0 0 0 0 0 0 0 0 0 0 0 0 0 0 0 0 0 0 0 0 0 0 0 0 0 0 0 0 0 0 0 0 0 0 0 0 0 0 0 0 0 0 0 0 0 0 0 0 0 0 0 0 0 0 0 0 0 0 0 0 0 0 0 0 0 0 0 0 0 0 0 0 0 0 0 0 0 0 0 0 0 0 0 0 0 0 0 0 0 0 0 0 0 0 0 0 0 0 0 0 0 0 0 0 0 0 0 0 0 0 0 0 0 0 0 0 0 0 0 0
/Cables/cableNode2/cosserat/rigidBase/cosseratInSofaFrameNode/slidingPoint/cablePos.constraint = Constraint ID : 15  dof ID : 1  value : 0.000370504 -1 -3.7643e-08  
Constraint ID : 16  dof ID : 1  value : 0.00593908 2.16281e-06 0.999982  
Constraint ID : 17  dof ID : 8  value : 0.0632891 -0.997994 -0.00135703  
Constraint ID : 18  dof ID : 8  value : 0.0135005 -0.000503487 0.999909  
Constraint ID : 19  dof ID : 13  value : 0.198123 -0.980171 -0.00338551  
Constraint ID : 20  dof ID : 13  value : 0.0152232 -0.000376507 0.999884  
Constraint ID : 21  dof ID : 18  value : 0.317901 -0.948111 -0.0049937  
Constraint ID : 22  dof ID : 18  value : 0.0129651 -0.000919375 0.999916  
Constraint ID : 23  dof ID : 23  value : 0.452526 -0.891725 -0.00682391  
Constraint ID : 24  dof ID : 23  value : 0.0146673 -0.00020843 0.999892  
Constraint ID : 25  dof ID : 25  value : 0.498209 -0.867024 -0.00754249  
Constraint ID : 26  dof ID : 25  value : 0.014382 -0.000434215 0.999896  
Constraint ID : 27  dof ID : 30  value : -0.876597 -0.481096 0.0111225  
Constraint ID : 28  dof ID : 30  value : 0.481838 -0.876229 -0.00738198  
Constraint ID : 29  dof ID : 30  value : -0.0133169 0.00110101 -0.999911  

/Cables/cableNode2/cosserat/rigidBase/cosseratInSofaFrameNode/slidingPoint/cablePos.showColor = 1 1 1 1
/Cables/cableNode2/cosserat/rigidBase/RigidBaseMO.velocity = -1.50713e-14 1.7022e-16 -1.11998e-16 3.5387e-18 2.44379e-16 4.14599e-16
/Cables/cableNode2/cosserat/rigidBase/RigidBaseMO.force = -48316.5 -15960.4 8842.27 3.13208e-12 -20319.9 -37050.4
/Cables/cableNode2/cosserat/rigidBase/RigidBaseMO.free_velocity = -0.0043924 -0.00145095 0.000803842 2.84734e-19 -0.00184726 -0.00336822
/Cables/cableNode2/cosserat/rigidBase/RigidBaseMO.constraint = Constraint ID : 15  dof ID : 0  value : 0.000370504 -1 -3.7643e-08 -0.0170236 -6.1994e-06 -2.86631  
Constraint ID : 16  dof ID : 0  value : 0.00593908 2.16281e-06 0.999982 0.0364036 -2.86635 -0.000210008  
Constraint ID : 17  dof ID : 0  value : 0.0632891 -0.997994 -0.00135703 -0.351864 0.00885445 -22.9219  
Constraint ID : 18  dof ID : 0  value : 0.0135005 -0.000503487 0.999909 1.00967 -22.9066 -0.0251665  
Constraint ID : 19  dof ID : 0  value : 0.198123 -0.980171 -0.00338551 -0.572801 0.0119008 -36.9664  
Constraint ID : 20  dof ID : 0  value : 0.0152232 -0.000376507 0.999884 3.42543 -37.0261 -0.0660943  
Constraint ID : 21  dof ID : 0  value : 0.317901 -0.948111 -0.0049937 -0.744919 0.0162493 -50.507  
Constraint ID : 22  dof ID : 0  value : 0.0129651 -0.000919375 0.999916 7.56058 -50.7411 -0.144686  
Constraint ID : 23  dof ID : 0  value : 0.452526 -0.891725 -0.00682391 -0.921137 0.014468 -62.9756  
Constraint ID : 24  dof ID : 0  value : 0.0146673 -0.00020843 0.999892 13.5692 -63.7421 -0.212331  
Constraint ID : 25  dof ID : 0  value : 0.498209 -0.867024 -0.00754249 -0.990881 0.0200246 -67.7532  
Constraint ID : 26  dof ID : 0  value : 0.014382 -0.000434215 0.999896 16.425 -68.7124 -0.266088  
Constraint ID : 27  dof ID : 0  value : -0.876597 -0.481096 0.0111225 -0.29814 0.115427 -18.5047  
Constraint ID : 28  dof ID : 0  value : 0.481838 -0.876229 -0.00738198 -1.19122 0.0395339 -82.4462  
Constraint ID : 29  dof ID : 0  value : -0.0133169 0.00110101 -0.999911 -23.4489 81.2039 0.401709  

/Cables/cableNode2/cosserat/rigidBase/RigidBaseMO.showColor = 1 1 1 1
/Cables/cableNode2/cosserat/rigidBase/RigidBaseMO.constraint_dx = 4.3924e-05 1.45095e-05 -8.03842e-06 3.25396e-20 1.84726e-05 3.36822e-05
/Cables/cableNode2/cosserat/rigidBase/RigidBaseMO.solution = -0.0043924 -0.00145095 0.000803842 2.86209e-18 -0.00184726 -0.00336822
/Cables/cableNode2/cosserat/rigidBase/cosseratInSofaFrameNode/FramesMO.derivX = 0 0 0 0 0 0 0 0 0 0 0 0 0 0 0 0 0 0 0 0 0 0 0 0 0 0 0 0 0 0 0 0 0 0 0 0 0 0 0 0 0 0 0 0 0 0 0 0 0 0 0 0 0 0 0 0 0 0 0 0 0 0 0 0 0 0 0 0 0 0 0 0 0 0 0 0 0 0 0 0 0 0 0 0 0 0 0 0 0 0 0 0 0 0 0 0 0 0 0 0 0 0 0 0 0 0 0 0 0 0 0 0 0 0 0 0 0 0 0 0 0 0 0 0 0 0 0 0 0 0 0 0 0 0 0 0 0 0 0 0 0 0 0 0 0 0 0 0 0 0 0 0 0 0 0 0 0 0 0 0 0 0 0 0 0 0 0 0 0 0 0 0 0 0 0 0 0 0 0 0 0 0 0 0 0 0
/Cables/cableNode2/cosserat/rigidBase/cosseratInSofaFrameNode/FramesMO.velocity = -1.83967e-14 -1.04886e-15 3.35669e-16 -8.35142e-18 -7.14489e-16 -2.27422e-15 -1.72564e-14 -6.97623e-14 2.35101e-15 -9.55737e-15 -8.88885e-16 -4.55815e-14 -9.75393e-15 -2.62941e-13 3.80494e-15 -1.95955e-14 -1.29392e-15 -8.87765e-14 6.54838e-15 -5.45583e-13 6.89752e-15 -2.9695e-14 -5.53339e-15 -8.31047e-14 1.49247e-14 -7.07729e-13 2.92201e-14 -3.98765e-14 -1.33207e-14 -2.87092e-14 1.59459e-14 -7.13969e-13 7.41105e-14 -5.05666e-14 -2.09604e-14 2.56097e-14 2.3351e-14 -8.9247e-13 1.03905e-13 -6.24655e-14 -3.89082e-15 -1.48985e-13 6.05083e-14 -1.57112e-12 8.01774e-14 -7.48802e-14 1.29848e-14 -3.23562e-13 1.47746e-13 -2.72564e-12 8.69124e-15 -8.57337e-14 1.98329e-14 -4.66247e-13 3.16507e-13 -4.21492e-12 -7.24393e-14 -9.46562e-14 1.65723e-14 -5.77043e-13 5.93359e-13 -6.01071e-12 -1.57819e-13 -1.03588e-13 1.30011e-14 -6.87829e-13 8.61206e-13 -7.49693e-12 -2.33441e-13 -1.04365e-13 2.81e-15 -3.62646e-13 9.70252e-13 -8.06458e-12 -2.84469e-13 -1.05205e-13 -7.49621e-15 -3.74679e-14 8.91821e-13 -7.70536e-12 -3.07581e-13 -1.04657e-13 -2.338e-14 3.06611e-13 5.57326e-13 -6.35124e-12 -2.83244e-13 -1.02481e-13 -4.49188e-14 6.69582e-13 -1.04828e-13 -4.00743e-12 -2.08072e-13 -1.00038e-13 -6.66691e-14 1.03254e-12 -6.35429e-13 -2.27532e-12 -1.05032e-13 -1.15691e-13 -7.5283e-14 2.34256e-13 -4.83176e-13 -2.72779e-12 2.04069e-15 -1.31452e-13 -8.40691e-14 -5.64023e-13 4.49323e-13 -5.38848e-12 1.03263e-13 -1.50239e-13 -8.34484e-14 -1.43639e-12 2.44796e-12 -1.04908e-11 1.449e-13 -1.72672e-13 -7.37361e-14 -2.38285e-12 5.73399e-12 -1.79964e-11 1.15034e-13 -1.96018e-13 -6.46485e-14 -3.32928e-12 8.97864e-12 -2.48849e-11 3.33263e-14 -1.86328e-13 -5.28047e-14 -1.97851e-12 1.06337e-11 -2.8241e-11 -7.71513e-14 -1.76713e-13 -4.10734e-14 -6.27728e-13 1.05182e-11 -2.80411e-11 -2.05766e-13 -1.59731e-13 -4.04094e-14 8.63002e-13 8.1722e-12 -2.38474e-11 -2.96863e-13 -1.35308e-13 -5.08733e-14 2.49368e-12 3.32253e-12 -1.57016e-11 -3.38388e-13 -1.10855e-13 -6.15309e-14 4.12436e-12 -3.67314e-12 -4.00786e-12 -3.1518e-13 -8.67143e-14 -7.57133e-14 5.38621e-12 -1.22193e-11 1.09697e-11 -2.15279e-13 -6.34036e-14 -9.03472e-14 6.64807e-12 -2.20452e-11 2.89167e-11 -4.45295e-14 -4.79375e-14 -1.03719e-13 7.35002e-12 -3.22425e-11 4.75824e-11 1.70961e-13 -3.96677e-14 -1.15489e-13 7.49206e-12 -4.26692e-11 6.65866e-11 4.2696e-13 -3.13712e-14 -1.27245e-13 7.6341e-12
/Cables/cableNode2/cosserat/rigidBase/cosseratInSofaFrameNode/FramesMO.force = 0 0 0 0 0 0 0 0 0 0 0 0 0 0 0 0 0 0 0 0 0 0 0 0 0 0 0 0 0 0 0 0 0 0 0 0 0 0 0 0 0 0 0 0 0 0 0 0 0 0 0 0 0 0 0 0 0 0 0 0 0 0 0 0 0 0 0 0 0 0 0 0 0 0 0 0 0 0 0 0 0 0 0 0 0 0 0 0 0 0 0 0 0 0 0 0 0 0 0 0 0 0 0 0 0 0 0 0 0 0 0 0 0 0 0 0 0 0 0 0 0 0 0 0 0 0 0 0 0 0 0 0 0 0 0 0 0 0 0 0 0 0 0 0 0 0 0 0 0 0 0 0 0 0 0 0 0 0 0 0 0 0 0 0 0 0 0 0 0 0 0 0 0 0 0 0 0 0 0 0 0 0 0 0 0 0
/Cables/cableNode2/cosserat/rigidBase/cosseratInSofaFrameNode/FramesMO.dforce(V_DERIV) = 0 0 0 0 0 0 0 0 0 0 0 0 0 0 0 0 0 0 0 0 0 0 0 0 0 0 0 0 0 0 0 0 0 0 0 0 0 0 0 0 0 0 0 0 0 0 0 0 0 0 0 0 0 0 0 0 0 0 0 0 0 0 0 0 0 0 0 0 0 0 0 0 0 0 0 0 0 0 0 0 0 0 0 0 0 0 0 0 0 0 0 0 0 0 0 0 0 0 0 0 0 0 0 0 0 0 0 0 0 0 0 0 0 0 0 0 0 0 0 0 0 0 0 0 0 0 0 0 0 0 0 0 0 0 0 0 0 0 0 0 0 0 0 0 0 0 0 0 0 0 0 0 0 0 0 0 0 0 0 0 0 0 0 0 0 0 0 0 0 0 0 0 0 0 0 0 0 0 0 0 0 0 0 0 0 0
/Cables/cableNode2/cosserat/rigidBase/cosseratInSofaFrameNode/FramesMO.free_velocity = -0.0043924 -0.00145095 0.000803842 -2.76133e-19 -0.00184726 -0.00336822 0.00233581 -0.332368 0.155517 -0.00228299 -0.106151 -0.227531 0.0481983 -1.30518 0.608511 -0.00456598 -0.210455 -0.451693 0.151851 -2.79135 1.29786 -0.00598029 -0.229402 -0.498058 0.223467 -4.02939 1.85866 -0.00652594 -0.162994 -0.366626 0.257894 -4.89168 2.22982 -0.00707159 -0.0965862 -0.235194 0.294273 -5.80955 2.52045 -0.00883007 -0.106885 -0.405464 0.374858 -7.21406 2.83961 -0.0105886 -0.117185 -0.575734 0.529476 -9.17295 3.18731 -0.0134487 -0.128347 -0.843579 0.870069 -12.096 3.56493 -0.0174106 -0.140373 -1.209 1.48862 -16.0384 3.97104 -0.0213725 -0.152399 -1.57442 2.33354 -20.6477 4.38135 -0.0242932 -0.146898 -1.69379 3.304 -25.5815 4.7727 -0.027214 -0.141398 -1.81315 4.43751 -30.9012 5.14188 -0.0323114 -0.132714 -2.02832 5.93441 -36.9816 5.47027 -0.0395856 -0.120847 -2.33928 7.87905 -43.8654 5.75371 -0.0468598 -0.10898 -2.65024 10.1867 -51.3243 6.01602 -0.0477594 -0.111806 -2.79561 12.7428 -59.1415 6.28163 -0.0486591 -0.114632 -2.94099 15.6107 -67.3758 6.55013 -0.0505076 -0.118625 -3.19556 19.1333 -76.3963 6.81977 -0.053305 -0.123786 -3.55932 23.4314 -86.2244 7.08893 -0.0561024 -0.128946 -3.92309 28.3441 -96.619 7.35457 -0.0580966 -0.129955 -4.09611 33.6741 -107.363 7.61438 -0.0600909 -0.130963 -4.26912 39.4632 -118.463 7.86635 -0.0635547 -0.130719 -4.48418 45.8951 -130.02 8.09994 -0.0684882 -0.129222 -4.74127 53.0271 -142.024 8.31274 -0.0734216 -0.127724 -4.99836 60.2552 -154.087 8.51417 -0.0731448 -0.123889 -4.81064 66.9657 -165.829 8.71397 -0.0728679 -0.120053 -4.62292 73.2415 -177.282 8.91207 -0.0727417 -0.118305 -4.53734 79.4935 -188.718 9.11008 -0.0727661 -0.118643 -4.55389 85.7892 -200.185 9.30827 -0.0727906 -0.118981 -4.57044
/Cables/cableNode2/cosserat/rigidBase/cosseratInSofaFrameNode/FramesMO.constraint = Constraint ID : 15  dof ID : 1  value : 0.000370504 -1 -3.7643e-08 0 0 0  
Constraint ID : 16  dof ID : 1  value : 0.00593908 2.16281e-06 0.999982 0 0 0  
Constraint ID : 17  dof ID : 8  value : 0.0632891 -0.997994 -0.00135703 0 0 0  
Constraint ID : 18  dof ID : 8  value : 0.0135005 -0.000503487 0.999909 0 0 0  
Constraint ID : 19  dof ID : 13  value : 0.198123 -0.980171 -0.00338551 0 0 0  
Constraint ID : 20  dof ID : 13  value : 0.0152232 -0.000376507 0.999884 0 0 0  
Constraint ID : 21  dof ID : 18  value : 0.317901 -0.948111 -0.0049937 0 0 0  
Constraint ID : 22  dof ID : 18  value : 0.0129651 -0.000919375 0.999916 0 0 0  
Constraint ID : 23  dof ID : 23  value : 0.452526 -0.891725 -0.00682391 0 0 0  
Constraint ID : 24  dof ID : 23  value : 0.0146673 -0.00020843 0.999892 0 0 0  
Constraint ID : 25  dof ID : 25  value : 0.498209 -0.867024 -0.00754249 0 0 0  
Constraint ID : 26  dof ID : 25  value : 0.014382 -0.000434215 0.999896 0 0 0  
Constraint ID : 27  dof ID : 30  value : -0.876597 -0.481096 0.0111225 0 0 0  
Constraint ID : 28  dof ID : 30  value : 0.481838 -0.876229 -0.00738198 0 0 0  
Constraint ID : 29  dof ID : 30  value : -0.0133169 0.00110101 -0.999911 0 0 0  

/Cables/cableNode2/cosserat/rigidBase/cosseratInSofaFrameNode/FramesMO.showColor = 1 1 1 1
/Cables/cableNode2/cosserat/rigidBase/cosseratInSofaFrameNode/FramesMO.lambda = 0 0 0 0 0 0 0 0 0 0 0 0 0 0 0 0 0 0 0 0 0 0 0 0 0 0 0 0 0 0 0 0 0 0 0 0 0 0 0 0 0 0 0 0 0 0 0 0 0 0 0 0 0 0 0 0 0 0 0 0 0 0 0 0 0 0 0 0 0 0 0 0 0 0 0 0 0 0 0 0 0 0 0 0 0 0 0 0 0 0 0 0 0 0 0 0 0 0 0 0 0 0 0 0 0 0 0 0 0 0 0 0 0 0 0 0 0 0 0 0 0 0 0 0 0 0 0 0 0 0 0 0 0 0 0 0 0 0 0 0 0 0 0 0 0 0 0 0 0 0 0 0 0 0 0 0 0 0 0 0 0 0 0 0 0 0 0 0 0 0 0 0 0 0 0 0 0 0 0 0 0 0 0 0 0 0
/Cables/cableNode2/cosserat/rigidBase/cosseratInSofaFrameNode/FramesMO.constraint_dx = 4.3924e-05 1.45095e-05 -8.03842e-06 -8.09322e-20 1.84726e-05 3.36822e-05 -2.33581e-05 0.00332368 -0.00155517 2.28299e-05 0.00106151 0.00227531 -0.000481983 0.0130518 -0.00608511 4.56598e-05 0.00210455 0.00451693 -0.00151851 0.0279135 -0.0129786 5.98029e-05 0.00229402 0.00498058 -0.00223467 0.0402939 -0.0185866 6.52594e-05 0.00162994 0.00366626 -0.00257894 0.0489168 -0.0222982 7.07159e-05 0.000965862 0.00235194 -0.00294273 0.0580955 -0.0252045 8.83007e-05 0.00106885 0.00405464 -0.00374858 0.0721406 -0.0283961 0.000105886 0.00117185 0.00575734 -0.00529476 0.0917295 -0.0318731 0.000134487 0.00128347 0.00843579 -0.00870069 0.12096 -0.0356493 0.000174106 0.00140373 0.01209 -0.0148862 0.160384 -0.0397104 0.000213725 0.00152399 0.0157442 -0.0233354 0.206477 -0.0438135 0.000242932 0.00146898 0.0169379 -0.03304 0.255815 -0.047727 0.00027214 0.00141398 0.0181315 -0.0443751 0.309012 -0.0514188 0.000323114 0.00132714 0.0202832 -0.0593441 0.369816 -0.0547027 0.000395856 0.00120847 0.0233928 -0.0787905 0.438654 -0.0575371 0.000468598 0.0010898 0.0265024 -0.101867 0.513243 -0.0601602 0.000477594 0.00111806 0.0279561 -0.127428 0.591415 -0.0628163 0.000486591 0.00114632 0.0294099 -0.156107 0.673758 -0.0655013 0.000505076 0.00118625 0.0319556 -0.191333 0.763963 -0.0681977 0.00053305 0.00123786 0.0355932 -0.234314 0.862244 -0.0708893 0.000561024 0.00128946 0.0392309 -0.283441 0.96619 -0.0735457 0.000580966 0.00129955 0.0409611 -0.336741 1.07363 -0.0761438 0.000600909 0.00130963 0.0426912 -0.394632 1.18463 -0.0786635 0.000635547 0.00130719 0.0448418 -0.458951 1.3002 -0.0809994 0.000684882 0.00129222 0.0474127 -0.530271 1.42024 -0.0831274 0.000734216 0.00127724 0.0499836 -0.602552 1.54087 -0.0851417 0.000731448 0.00123889 0.0481064 -0.669657 1.65829 -0.0871397 0.000728679 0.00120053 0.0462292 -0.732415 1.77282 -0.0891207 0.000727417 0.00118305 0.0453734 -0.794935 1.88718 -0.0911008 0.000727661 0.00118643 0.0455389 -0.857892 2.00185 -0.0930827 0.000727906 0.00118981 0.0457044
/Cables/cableNode2/cosserat/rigidBase/cosseratInSofaFrameNode/FramesMO.solution = 0 0 0 0 0 0 0 0 0 0 0 0 0 0 0 0 0 0 0 0 0 0 0 0 0 0 0 0 0 0 0 0 0 0 0 0 0 0 0 0 0 0 0 0 0 0 0 0 0 0 0 0 0 0 0 0 0 0 0 0 0 0 0 0 0 0 0 0 0 0 0 0 0 0 0 0 0 0 0 0 0 0 0 0 0 0 0 0 0 0 0 0 0 0 0 0 0 0 0 0 0 0 0 0 0 0 0 0 0 0 0 0 0 0 0 0 0 0 0 0 0 0 0 0 0 0 0 0 0 0 0 0 0 0 0 0 0 0 0 0 0 0 0 0 0 0 0 0 0 0 0 0 0 0 0 0 0 0 0 0 0 0 0 0 0 0 0 0 0 0 0 0 0 0 0 0 0 0 0 0 0 0 0 0 0 0
/Cables/cableNode2/cosserat/rigidBase/cosseratInSofaFrameNode/slidingPoint/cablePos.constraint = Constraint ID : 15  dof ID : 26  value : 0.304248 0.909016 -0.284821  
Constraint ID : 16  dof ID : 26  value : -0.460796 -0.121245 -0.879185  
Constraint ID : 17  dof ID : 17  value : 0.93573 0.00280774 -0.352706  
Constraint ID : 18  dof ID : 17  value : 0.289179 0.566438 0.771702  
Constraint ID : 19  dof ID : 18  value : 0.304248 0.909016 -0.284821  
Constraint ID : 20  dof ID : 18  value : 0.902942 -0.370467 -0.21783  
Constraint ID : 21  dof ID : 13  value : 0.304248 0.909016 -0.284821  
Constraint ID : 22  dof ID : 13  value : -0.547224 0.41152 0.728833  
Constraint ID : 23  dof ID : 12  value : 0.545364 0.100693 -0.832129  
Constraint ID : 24  dof ID : 12  value : 0.0471638 0.987499 0.150404  
Constraint ID : 25  dof ID : 7  value : 0.292687 -0.881824 0.369757  
Constraint ID : 26  dof ID : 7  value : -0.00536937 0.385169 0.92283  
Constraint ID : 27  dof ID : 30  value : 0.340795 0.0402622 0.939275  
Constraint ID : 28  dof ID : 30  value : 0.304248 0.909016 -0.284821  
Constraint ID : 29  dof ID : 30  value : 0.796782 -0.406711 -0.446905  

/Cables/cableNode2/cosserat/rigidBase/cosseratInSofaFrameNode/slidingPoint/cablePos.showColor = 1 1 1 1
/Cables/cableNode2/cosserat/cosseratCoordinate/cosseratCoordinateMO.position = 8.73381e-05 0.00400232 0.0086016 8.43328e-06 -0.00255229 -0.0050413 8.43316e-06 0.000399005 0.00653373 -2.8002e-06 0.000470121 0.0140224 -1.79628e-06 -0.000213582 0.00458167 2.08439e-06 -0.000461285 0.0119352 1.4281e-06 0.000119694 0.00557822 -4.74228e-07 0.00022336 0.0139585 -3.06528e-07 4.51803e-05 0.00663939 1.3624e-05 -6.97155e-05 0.00986693 -8.83004e-13 -0.000177017 -0.00720259 3.16555e-14 1.5609e-05 0.000635109
/Cables/cableNode2/cosserat/cosseratCoordinate/cosseratCoordinateMO.constraint = Constraint ID : 15  dof ID : 0  value : 42.0406 -21.1088 20.9954    dof ID : 1  value : 8.85647 28.3093 -7.17014    dof ID : 2  value : 14.2502 -10.2794 5.85505    dof ID : 3  value : -0.716054 -2.17647 6.36461    dof ID : 4  value : -0.658584 -17.4161 11.1859    dof ID : 5  value : -10.23 -5.78824 -3.80691    dof ID : 6  value : -3.06808 -6.18012 -2.79575    dof ID : 7  value : 2.70587 -11.7163 3.68408    dof ID : 8  value : 2.17733 -0.0672566 12.288    dof ID : 9  value : -0.682701 -8.85057 2.93458    dof ID : 10  value : -1.04129 0.540058 -0.219873  
Constraint ID : 16  dof ID : 0  value : -46.0411 19.1416 -18.0275    dof ID : 1  value : -28.341 -8.96447 -30.0716    dof ID : 2  value : -8.84408 11.129 12.2931    dof ID : 3  value : 2.19669 0.982112 -0.410139    dof ID : 4  value : 3.34981 8.93785 -5.40515    dof ID : 5  value : 1.27195 8.03173 2.95448    dof ID : 6  value : -4.4107 0.518134 1.81413    dof ID : 7  value : 1.1441 3.00573 -2.52683    dof ID : 8  value : 3.13113 4.49701 -17.1977    dof ID : 9  value : 4.78756 9.16507 -3.74732    dof ID : 10  value : 1.01581 0.54448 -0.0370294  
Constraint ID : 17  dof ID : 0  value : -25.7582 4.55267 -3.27984    dof ID : 1  value : 0.395948 -14.64 12.6621    dof ID : 2  value : -7.29686 -1.31173 -4.32291    dof ID : 3  value : -5.51078 -8.86998 31.7372    dof ID : 4  value : 4.59379 -22.8208 18.3547    dof ID : 5  value : -0.809281 -5.90881 -6.3056    dof ID : 6  value : -3.58629 -0.643518 -0.0362194  
Constraint ID : 18  dof ID : 0  value : 61.253 -26.2566 23.7408    dof ID : 1  value : 38.2235 17.0823 13.3392    dof ID : 2  value : 25.8108 -9.04384 -15.0006    dof ID : 3  value : -1.53637 -1.7476 -5.54714    dof ID : 4  value : -7.17903 -14.8086 11.2068    dof ID : 5  value : 8.01269 2.53637 5.69853    dof ID : 6  value : 0.0489999 -2.86738 1.50743  
Constraint ID : 19  dof ID : 0  value : 20.2135 -13.7806 11.4218    dof ID : 1  value : -1.67865 16.7266 0.23768    dof ID : 2  value : -1.14688 -9.21284 0.896499    dof ID : 3  value : -5.48219 -8.94814 27.4428    dof ID : 4  value : 0.539712 -26.599 21.9684    dof ID : 5  value : 2.02257 0.953173 -0.393112    dof ID : 6  value : 0.617312 3.35759 -0.358965    dof ID : 7  value : 0.0607936 0.130853 0.00200815  
Constraint ID : 20  dof ID : 0  value : -35.2157 10.1315 -7.98922    dof ID : 1  value : 3.01526 -23.4132 11.145    dof ID : 2  value : -4.54858 4.61739 -5.89444    dof ID : 3  value : -3.21113 -4.74247 17.2664    dof ID : 4  value : 3.61234 -10.3255 8.61446    dof ID : 5  value : 2.3663 -2.70027 -4.18268    dof ID : 6  value : -5.698 0.657873 0.273338    dof ID : 7  value : -0.635771 -0.133748 -0.520893  
Constraint ID : 21  dof ID : 0  value : 32.9525 -18.0699 16.9668    dof ID : 1  value : -5.17529 26.8807 -7.24956    dof ID : 2  value : 2.43543 -6.97362 9.85594    dof ID : 3  value : -1.44517 -0.767265 3.03374    dof ID : 4  value : -0.367948 -7.33854 5.05416    dof ID : 5  value : -0.212613 -0.758444 0.390155  
Constraint ID : 22  dof ID : 0  value : 47.4604 -16.6035 12.6883    dof ID : 1  value : 5.34148 21.2348 13.0074    dof ID : 2  value : -2.00739 -10.6 -3.27312    dof ID : 3  value : -1.10121 0.394248 -4.06422    dof ID : 4  value : -4.29534 0.852728 -0.126843    dof ID : 5  value : -0.245585 0.394061 0.826423  
Constraint ID : 23  dof ID : 0  value : -31.1513 7.92343 -5.55932    dof ID : 1  value : -10.5921 -7.40987 -20.9966    dof ID : 2  value : 2.90493 9.53298 8.1086    dof ID : 3  value : 0.532171 -0.0521672 0.911526    dof ID : 4  value : 2.24559 -0.28301 0.136607  
Constraint ID : 24  dof ID : 0  value : 52.714 -24.3574 21.3943    dof ID : 1  value : -8.00174 35.8614 2.64917    dof ID : 2  value : -4.77102 -11.3234 10.2035    dof ID : 3  value : -1.77371 1.15796 -2.5524    dof ID : 4  value : -1.64004 0.487148 -0.405881  
Constraint ID : 25  dof ID : 0  value : -26.0917 12.6966 -10.6661    dof ID : 1  value : 10.5327 -26.1358 13.7695    dof ID : 2  value : 0.106993 6.85235 -8.797  
Constraint ID : 26  dof ID : 0  value : 48.0038 -19.3539 15.3131    dof ID : 1  value : 10.5301 16.2444 23.3692    dof ID : 2  value : -3.03917 -8.63052 -6.58288  
Constraint ID : 27  dof ID : 0  value : 45.3319 -17.8483 16.6909    dof ID : 1  value : 24.8043 9.21655 34.4797    dof ID : 2  value : 3.45845 -13.1934 -11.4042    dof ID : 3  value : -2.38144 -1.13622 3.28776    dof ID : 4  value : -2.46459 -8.28259 4.5655    dof ID : 5  value : -4.73982 -11.7142 -5.13209    dof ID : 6  value : 7.08645 -1.08486 -1.77562    dof ID : 7  value : -1.15593 -2.57292 3.0287    dof ID : 8  value : -4.05829 -6.63461 23.4589    dof ID : 9  value : -5.85328 -11.1891 4.39117    dof ID : 10  value : 2.56312 1.58689 3.70181    dof ID : 11  value : 1.59579 -5.14392 0.406051  
Constraint ID : 28  dof ID : 0  value : 48.4613 -23.2673 23.8018    dof ID : 1  value : 9.73547 32.4976 -10.0774    dof ID : 2  value : 17.5356 -9.93443 8.70973    dof ID : 3  value : 0.974892 0.788796 -2.62243    dof ID : 4  value : -1.05902 -11.5154 5.56953    dof ID : 5  value : -13.3523 -6.68916 -4.69567    dof ID : 6  value : -4.00108 -6.41636 -4.83673    dof ID : 7  value : 3.65517 -13.9932 4.36836    dof ID : 8  value : 1.52952 0.203181 17.2181    dof ID : 9  value : -1.94563 -15.1513 5.28351    dof ID : 10  value : -2.77636 0.226751 -0.587633    dof ID : 11  value : -5.21803 -1.15414 -0.832136  
Constraint ID : 29  dof ID : 0  value : -47.9295 15.3549 -12.9153    dof ID : 1  value : -9.06179 -24.58 9.48107    dof ID : 2  value : -13.9544 4.24504 -1.14307    dof ID : 3  value : -3.69196 -5.79944 24.6848    dof ID : 4  value : 6.07133 -10.6444 8.88155    dof ID : 5  value : -1.77178 -5.48623 -6.99727    dof ID : 6  value : -4.29588 1.18582 -0.0199629    dof ID : 7  value : -3.9454 1.40851 -0.197277    dof ID : 8  value : -1.19312 -1.15907 1.40359    dof ID : 9  value : 1.6434 -0.661557 0.752111    dof ID : 10  value : 1.1703 -1.42409 -2.16472    dof ID : 11  value : -0.875942 0.73607 -0.354594  

/Cables/cableNode2/cosserat/cosseratCoordinate/cosseratCoordinateMO.showColor = 1 1 1 1
/Cables/cableNode2/cosserat/rigidBase/cosseratInSofaFrameNode/slidingPoint/cablePos.constraint = Constraint ID : 15  dof ID : 26  value : 0.304248 0.909016 -0.284821  
Constraint ID : 16  dof ID : 26  value : -0.460796 -0.121245 -0.879185  
Constraint ID : 17  dof ID : 17  value : 0.93573 0.00280774 -0.352706  
Constraint ID : 18  dof ID : 17  value : 0.289179 0.566438 0.771702  
Constraint ID : 19  dof ID : 18  value : 0.304248 0.909016 -0.284821  
Constraint ID : 20  dof ID : 18  value : 0.902942 -0.370467 -0.21783  
Constraint ID : 21  dof ID : 13  value : 0.304248 0.909016 -0.284821  
Constraint ID : 22  dof ID : 13  value : -0.547224 0.41152 0.728833  
Constraint ID : 23  dof ID : 12  value : 0.545364 0.100693 -0.832129  
Constraint ID : 24  dof ID : 12  value : 0.0471638 0.987499 0.150404  
Constraint ID : 25  dof ID : 7  value : 0.292687 -0.881824 0.369757  
Constraint ID : 26  dof ID : 7  value : -0.00536937 0.385169 0.92283  
Constraint ID : 27  dof ID : 30  value : 0.340795 0.0402622 0.939275  
Constraint ID : 28  dof ID : 30  value : 0.304248 0.909016 -0.284821  
Constraint ID : 29  dof ID : 30  value : 0.796782 -0.406711 -0.446905  

/Cables/cableNode2/cosserat/rigidBase/cosseratInSofaFrameNode/slidingPoint/cablePos.showColor = 1 1 1 1
/Cables/cableNode2/cosserat/cosseratCoordinate/cosseratCoordinateMO.position = 8.73381e-05 0.00400232 0.0086016 8.43328e-06 -0.00255229 -0.0050413 8.43316e-06 0.000399005 0.00653373 -2.8002e-06 0.000470121 0.0140224 -1.79628e-06 -0.000213582 0.00458167 2.08439e-06 -0.000461285 0.0119352 1.4281e-06 0.000119694 0.00557822 -4.74228e-07 0.00022336 0.0139585 -3.06528e-07 4.51803e-05 0.00663939 1.3624e-05 -6.97155e-05 0.00986693 -8.83004e-13 -0.000177017 -0.00720259 3.16555e-14 1.5609e-05 0.000635109
/Cables/cableNode2/cosserat/cosseratCoordinate/cosseratCoordinateMO.constraint = Constraint ID : 15  dof ID : 0  value : 42.0406 -21.1088 20.9954    dof ID : 1  value : 8.85647 28.3093 -7.17014    dof ID : 2  value : 14.2502 -10.2794 5.85505    dof ID : 3  value : -0.716054 -2.17647 6.36461    dof ID : 4  value : -0.658584 -17.4161 11.1859    dof ID : 5  value : -10.23 -5.78824 -3.80691    dof ID : 6  value : -3.06808 -6.18012 -2.79575    dof ID : 7  value : 2.70587 -11.7163 3.68408    dof ID : 8  value : 2.17733 -0.0672566 12.288    dof ID : 9  value : -0.682701 -8.85057 2.93458    dof ID : 10  value : -1.04129 0.540058 -0.219873  
Constraint ID : 16  dof ID : 0  value : -46.0411 19.1416 -18.0275    dof ID : 1  value : -28.341 -8.96447 -30.0716    dof ID : 2  value : -8.84408 11.129 12.2931    dof ID : 3  value : 2.19669 0.982112 -0.410139    dof ID : 4  value : 3.34981 8.93785 -5.40515    dof ID : 5  value : 1.27195 8.03173 2.95448    dof ID : 6  value : -4.4107 0.518134 1.81413    dof ID : 7  value : 1.1441 3.00573 -2.52683    dof ID : 8  value : 3.13113 4.49701 -17.1977    dof ID : 9  value : 4.78756 9.16507 -3.74732    dof ID : 10  value : 1.01581 0.54448 -0.0370294  
Constraint ID : 17  dof ID : 0  value : -25.7582 4.55267 -3.27984    dof ID : 1  value : 0.395948 -14.64 12.6621    dof ID : 2  value : -7.29686 -1.31173 -4.32291    dof ID : 3  value : -5.51078 -8.86998 31.7372    dof ID : 4  value : 4.59379 -22.8208 18.3547    dof ID : 5  value : -0.809281 -5.90881 -6.3056    dof ID : 6  value : -3.58629 -0.643518 -0.0362194  
Constraint ID : 18  dof ID : 0  value : 61.253 -26.2566 23.7408    dof ID : 1  value : 38.2235 17.0823 13.3392    dof ID : 2  value : 25.8108 -9.04384 -15.0006    dof ID : 3  value : -1.53637 -1.7476 -5.54714    dof ID : 4  value : -7.17903 -14.8086 11.2068    dof ID : 5  value : 8.01269 2.53637 5.69853    dof ID : 6  value : 0.0489999 -2.86738 1.50743  
Constraint ID : 19  dof ID : 0  value : 20.2135 -13.7806 11.4218    dof ID : 1  value : -1.67865 16.7266 0.23768    dof ID : 2  value : -1.14688 -9.21284 0.896499    dof ID : 3  value : -5.48219 -8.94814 27.4428    dof ID : 4  value : 0.539712 -26.599 21.9684    dof ID : 5  value : 2.02257 0.953173 -0.393112    dof ID : 6  value : 0.617312 3.35759 -0.358965    dof ID : 7  value : 0.0607936 0.130853 0.00200815  
Constraint ID : 20  dof ID : 0  value : -35.2157 10.1315 -7.98922    dof ID : 1  value : 3.01526 -23.4132 11.145    dof ID : 2  value : -4.54858 4.61739 -5.89444    dof ID : 3  value : -3.21113 -4.74247 17.2664    dof ID : 4  value : 3.61234 -10.3255 8.61446    dof ID : 5  value : 2.3663 -2.70027 -4.18268    dof ID : 6  value : -5.698 0.657873 0.273338    dof ID : 7  value : -0.635771 -0.133748 -0.520893  
Constraint ID : 21  dof ID : 0  value : 32.9525 -18.0699 16.9668    dof ID : 1  value : -5.17529 26.8807 -7.24956    dof ID : 2  value : 2.43543 -6.97362 9.85594    dof ID : 3  value : -1.44517 -0.767265 3.03374    dof ID : 4  value : -0.367948 -7.33854 5.05416    dof ID : 5  value : -0.212613 -0.758444 0.390155  
Constraint ID : 22  dof ID : 0  value : 47.4604 -16.6035 12.6883    dof ID : 1  value : 5.34148 21.2348 13.0074    dof ID : 2  value : -2.00739 -10.6 -3.27312    dof ID : 3  value : -1.10121 0.394248 -4.06422    dof ID : 4  value : -4.29534 0.852728 -0.126843    dof ID : 5  value : -0.245585 0.394061 0.826423  
Constraint ID : 23  dof ID : 0  value : -31.1513 7.92343 -5.55932    dof ID : 1  value : -10.5921 -7.40987 -20.9966    dof ID : 2  value : 2.90493 9.53298 8.1086    dof ID : 3  value : 0.532171 -0.0521672 0.911526    dof ID : 4  value : 2.24559 -0.28301 0.136607  
Constraint ID : 24  dof ID : 0  value : 52.714 -24.3574 21.3943    dof ID : 1  value : -8.00174 35.8614 2.64917    dof ID : 2  value : -4.77102 -11.3234 10.2035    dof ID : 3  value : -1.77371 1.15796 -2.5524    dof ID : 4  value : -1.64004 0.487148 -0.405881  
Constraint ID : 25  dof ID : 0  value : -26.0917 12.6966 -10.6661    dof ID : 1  value : 10.5327 -26.1358 13.7695    dof ID : 2  value : 0.106993 6.85235 -8.797  
Constraint ID : 26  dof ID : 0  value : 48.0038 -19.3539 15.3131    dof ID : 1  value : 10.5301 16.2444 23.3692    dof ID : 2  value : -3.03917 -8.63052 -6.58288  
Constraint ID : 27  dof ID : 0  value : 45.3319 -17.8483 16.6909    dof ID : 1  value : 24.8043 9.21655 34.4797    dof ID : 2  value : 3.45845 -13.1934 -11.4042    dof ID : 3  value : -2.38144 -1.13622 3.28776    dof ID : 4  value : -2.46459 -8.28259 4.5655    dof ID : 5  value : -4.73982 -11.7142 -5.13209    dof ID : 6  value : 7.08645 -1.08486 -1.77562    dof ID : 7  value : -1.15593 -2.57292 3.0287    dof ID : 8  value : -4.05829 -6.63461 23.4589    dof ID : 9  value : -5.85328 -11.1891 4.39117    dof ID : 10  value : 2.56312 1.58689 3.70181    dof ID : 11  value : 1.59579 -5.14392 0.406051  
Constraint ID : 28  dof ID : 0  value : 48.4613 -23.2673 23.8018    dof ID : 1  value : 9.73547 32.4976 -10.0774    dof ID : 2  value : 17.5356 -9.93443 8.70973    dof ID : 3  value : 0.974892 0.788796 -2.62243    dof ID : 4  value : -1.05902 -11.5154 5.56953    dof ID : 5  value : -13.3523 -6.68916 -4.69567    dof ID : 6  value : -4.00108 -6.41636 -4.83673    dof ID : 7  value : 3.65517 -13.9932 4.36836    dof ID : 8  value : 1.52952 0.203181 17.2181    dof ID : 9  value : -1.94563 -15.1513 5.28351    dof ID : 10  value : -2.77636 0.226751 -0.587633    dof ID : 11  value : -5.21803 -1.15414 -0.832136  
Constraint ID : 29  dof ID : 0  value : -47.9295 15.3549 -12.9153    dof ID : 1  value : -9.06179 -24.58 9.48107    dof ID : 2  value : -13.9544 4.24504 -1.14307    dof ID : 3  value : -3.69196 -5.79944 24.6848    dof ID : 4  value : 6.07133 -10.6444 8.88155    dof ID : 5  value : -1.77178 -5.48623 -6.99727    dof ID : 6  value : -4.29588 1.18582 -0.0199629    dof ID : 7  value : -3.9454 1.40851 -0.197277    dof ID : 8  value : -1.19312 -1.15907 1.40359    dof ID : 9  value : 1.6434 -0.661557 0.752111    dof ID : 10  value : 1.1703 -1.42409 -2.16472    dof ID : 11  value : -0.875942 0.73607 -0.354594  

/Cables/cableNode2/cosserat/cosseratCoordinate/cosseratCoordinateMO.showColor = 1 1 1 1
/Cables/cableNode2/cosserat/rigidBase/cosseratInSofaFrameNode/slidingPoint/cablePos.constraint = Constraint ID : 15  dof ID : 26  value : 0.304248 0.909016 -0.284821  
Constraint ID : 16  dof ID : 26  value : -0.460796 -0.121245 -0.879185  
Constraint ID : 17  dof ID : 17  value : 0.93573 0.00280774 -0.352706  
Constraint ID : 18  dof ID : 17  value : 0.289179 0.566438 0.771702  
Constraint ID : 19  dof ID : 18  value : 0.304248 0.909016 -0.284821  
Constraint ID : 20  dof ID : 18  value : 0.902942 -0.370467 -0.21783  
Constraint ID : 21  dof ID : 13  value : 0.304248 0.909016 -0.284821  
Constraint ID : 22  dof ID : 13  value : -0.547224 0.41152 0.728833  
Constraint ID : 23  dof ID : 12  value : 0.545364 0.100693 -0.832129  
Constraint ID : 24  dof ID : 12  value : 0.0471638 0.987499 0.150404  
Constraint ID : 25  dof ID : 7  value : 0.292687 -0.881824 0.369757  
Constraint ID : 26  dof ID : 7  value : -0.00536937 0.385169 0.92283  
Constraint ID : 27  dof ID : 30  value : 0.340795 0.0402622 0.939275  
Constraint ID : 28  dof ID : 30  value : 0.304248 0.909016 -0.284821  
Constraint ID : 29  dof ID : 30  value : 0.796782 -0.406711 -0.446905  

/Cables/cableNode2/cosserat/rigidBase/cosseratInSofaFrameNode/slidingPoint/cablePos.showColor = 1 1 1 1
/Cables/cableNode2/cosserat/cosseratCoordinate/cosseratCoordinateMO.position = 8.73381e-05 0.00400232 0.0086016 8.43328e-06 -0.00255229 -0.0050413 8.43316e-06 0.000399005 0.00653373 -2.8002e-06 0.000470121 0.0140224 -1.79628e-06 -0.000213582 0.00458167 2.08439e-06 -0.000461285 0.0119352 1.4281e-06 0.000119694 0.00557822 -4.74228e-07 0.00022336 0.0139585 -3.06528e-07 4.51803e-05 0.00663939 1.3624e-05 -6.97155e-05 0.00986693 -8.83004e-13 -0.000177017 -0.00720259 3.16555e-14 1.5609e-05 0.000635109
/Cables/cableNode2/cosserat/cosseratCoordinate/cosseratCoordinateMO.constraint = Constraint ID : 15  dof ID : 0  value : 42.0406 -21.1088 20.9954    dof ID : 1  value : 8.85647 28.3093 -7.17014    dof ID : 2  value : 14.2502 -10.2794 5.85505    dof ID : 3  value : -0.716054 -2.17647 6.36461    dof ID : 4  value : -0.658584 -17.4161 11.1859    dof ID : 5  value : -10.23 -5.78824 -3.80691    dof ID : 6  value : -3.06808 -6.18012 -2.79575    dof ID : 7  value : 2.70587 -11.7163 3.68408    dof ID : 8  value : 2.17733 -0.0672566 12.288    dof ID : 9  value : -0.682701 -8.85057 2.93458    dof ID : 10  value : -1.04129 0.540058 -0.219873  
Constraint ID : 16  dof ID : 0  value : -46.0411 19.1416 -18.0275    dof ID : 1  value : -28.341 -8.96447 -30.0716    dof ID : 2  value : -8.84408 11.129 12.2931    dof ID : 3  value : 2.19669 0.982112 -0.410139    dof ID : 4  value : 3.34981 8.93785 -5.40515    dof ID : 5  value : 1.27195 8.03173 2.95448    dof ID : 6  value : -4.4107 0.518134 1.81413    dof ID : 7  value : 1.1441 3.00573 -2.52683    dof ID : 8  value : 3.13113 4.49701 -17.1977    dof ID : 9  value : 4.78756 9.16507 -3.74732    dof ID : 10  value : 1.01581 0.54448 -0.0370294  
Constraint ID : 17  dof ID : 0  value : -25.7582 4.55267 -3.27984    dof ID : 1  value : 0.395948 -14.64 12.6621    dof ID : 2  value : -7.29686 -1.31173 -4.32291    dof ID : 3  value : -5.51078 -8.86998 31.7372    dof ID : 4  value : 4.59379 -22.8208 18.3547    dof ID : 5  value : -0.809281 -5.90881 -6.3056    dof ID : 6  value : -3.58629 -0.643518 -0.0362194  
Constraint ID : 18  dof ID : 0  value : 61.253 -26.2566 23.7408    dof ID : 1  value : 38.2235 17.0823 13.3392    dof ID : 2  value : 25.8108 -9.04384 -15.0006    dof ID : 3  value : -1.53637 -1.7476 -5.54714    dof ID : 4  value : -7.17903 -14.8086 11.2068    dof ID : 5  value : 8.01269 2.53637 5.69853    dof ID : 6  value : 0.0489999 -2.86738 1.50743  
Constraint ID : 19  dof ID : 0  value : 20.2135 -13.7806 11.4218    dof ID : 1  value : -1.67865 16.7266 0.23768    dof ID : 2  value : -1.14688 -9.21284 0.896499    dof ID : 3  value : -5.48219 -8.94814 27.4428    dof ID : 4  value : 0.539712 -26.599 21.9684    dof ID : 5  value : 2.02257 0.953173 -0.393112    dof ID : 6  value : 0.617312 3.35759 -0.358965    dof ID : 7  value : 0.0607936 0.130853 0.00200815  
Constraint ID : 20  dof ID : 0  value : -35.2157 10.1315 -7.98922    dof ID : 1  value : 3.01526 -23.4132 11.145    dof ID : 2  value : -4.54858 4.61739 -5.89444    dof ID : 3  value : -3.21113 -4.74247 17.2664    dof ID : 4  value : 3.61234 -10.3255 8.61446    dof ID : 5  value : 2.3663 -2.70027 -4.18268    dof ID : 6  value : -5.698 0.657873 0.273338    dof ID : 7  value : -0.635771 -0.133748 -0.520893  
Constraint ID : 21  dof ID : 0  value : 32.9525 -18.0699 16.9668    dof ID : 1  value : -5.17529 26.8807 -7.24956    dof ID : 2  value : 2.43543 -6.97362 9.85594    dof ID : 3  value : -1.44517 -0.767265 3.03374    dof ID : 4  value : -0.367948 -7.33854 5.05416    dof ID : 5  value : -0.212613 -0.758444 0.390155  
Constraint ID : 22  dof ID : 0  value : 47.4604 -16.6035 12.6883    dof ID : 1  value : 5.34148 21.2348 13.0074    dof ID : 2  value : -2.00739 -10.6 -3.27312    dof ID : 3  value : -1.10121 0.394248 -4.06422    dof ID : 4  value : -4.29534 0.852728 -0.126843    dof ID : 5  value : -0.245585 0.394061 0.826423  
Constraint ID : 23  dof ID : 0  value : -31.1513 7.92343 -5.55932    dof ID : 1  value : -10.5921 -7.40987 -20.9966    dof ID : 2  value : 2.90493 9.53298 8.1086    dof ID : 3  value : 0.532171 -0.0521672 0.911526    dof ID : 4  value : 2.24559 -0.28301 0.136607  
Constraint ID : 24  dof ID : 0  value : 52.714 -24.3574 21.3943    dof ID : 1  value : -8.00174 35.8614 2.64917    dof ID : 2  value : -4.77102 -11.3234 10.2035    dof ID : 3  value : -1.77371 1.15796 -2.5524    dof ID : 4  value : -1.64004 0.487148 -0.405881  
Constraint ID : 25  dof ID : 0  value : -26.0917 12.6966 -10.6661    dof ID : 1  value : 10.5327 -26.1358 13.7695    dof ID : 2  value : 0.106993 6.85235 -8.797  
Constraint ID : 26  dof ID : 0  value : 48.0038 -19.3539 15.3131    dof ID : 1  value : 10.5301 16.2444 23.3692    dof ID : 2  value : -3.03917 -8.63052 -6.58288  
Constraint ID : 27  dof ID : 0  value : 45.3319 -17.8483 16.6909    dof ID : 1  value : 24.8043 9.21655 34.4797    dof ID : 2  value : 3.45845 -13.1934 -11.4042    dof ID : 3  value : -2.38144 -1.13622 3.28776    dof ID : 4  value : -2.46459 -8.28259 4.5655    dof ID : 5  value : -4.73982 -11.7142 -5.13209    dof ID : 6  value : 7.08645 -1.08486 -1.77562    dof ID : 7  value : -1.15593 -2.57292 3.0287    dof ID : 8  value : -4.05829 -6.63461 23.4589    dof ID : 9  value : -5.85328 -11.1891 4.39117    dof ID : 10  value : 2.56312 1.58689 3.70181    dof ID : 11  value : 1.59579 -5.14392 0.406051  
Constraint ID : 28  dof ID : 0  value : 48.4613 -23.2673 23.8018    dof ID : 1  value : 9.73547 32.4976 -10.0774    dof ID : 2  value : 17.5356 -9.93443 8.70973    dof ID : 3  value : 0.974892 0.788796 -2.62243    dof ID : 4  value : -1.05902 -11.5154 5.56953    dof ID : 5  value : -13.3523 -6.68916 -4.69567    dof ID : 6  value : -4.00108 -6.41636 -4.83673    dof ID : 7  value : 3.65517 -13.9932 4.36836    dof ID : 8  value : 1.52952 0.203181 17.2181    dof ID : 9  value : -1.94563 -15.1513 5.28351    dof ID : 10  value : -2.77636 0.226751 -0.587633    dof ID : 11  value : -5.21803 -1.15414 -0.832136  
Constraint ID : 29  dof ID : 0  value : -47.9295 15.3549 -12.9153    dof ID : 1  value : -9.06179 -24.58 9.48107    dof ID : 2  value : -13.9544 4.24504 -1.14307    dof ID : 3  value : -3.69196 -5.79944 24.6848    dof ID : 4  value : 6.07133 -10.6444 8.88155    dof ID : 5  value : -1.77178 -5.48623 -6.99727    dof ID : 6  value : -4.29588 1.18582 -0.0199629    dof ID : 7  value : -3.9454 1.40851 -0.197277    dof ID : 8  value : -1.19312 -1.15907 1.40359    dof ID : 9  value : 1.6434 -0.661557 0.752111    dof ID : 10  value : 1.1703 -1.42409 -2.16472    dof ID : 11  value : -0.875942 0.73607 -0.354594  

/Cables/cableNode2/cosserat/cosseratCoordinate/cosseratCoordinateMO.showColor = 1 1 1 1
/Cables/cableNode2/cosserat/rigidBase/cosseratInSofaFrameNode.time = 40.49
/Cables/cableNode2/cosserat/cosseratCoordinate/cosseratCoordinateMO.printLog = 0
/Cables/cableNode2/cosserat/cosseratCoordinate/cosseratCoordinateMO.position = 2.71545e-30 -4.10424e-16 1.55215e-15 1.3103e-15 3.17302e-16 2.42304e-17 -5.62359e-31 -4.3543e-16 -7.95004e-16 -7.41435e-16 7.7843e-16 3.28368e-16 -8.88905e-31 -8.8984e-17 1.54827e-16 -5.32225e-16 -8.72855e-16 -2.0952e-16 -6.71649e-30 1.1673e-16 -1.33502e-16 -4.29384e-16 7.61437e-16 2.65794e-16 2.38664e-20 -2.74573e-16 -2.96986e-16 -3.68171e-16 4.77729e-17 1.32652e-16 7.1422e-31 -4.6374e-17 2.84539e-16 -1.11233e-31 -7.67019e-18 7.2243e-17
/Cables/cableNode2/cosserat/cosseratCoordinate/cosseratCoordinateMO.constraint = Constraint ID : 15  dof ID : 0  value : -0.0234804 -0.00150671 -3.28716  
Constraint ID : 16  dof ID : 0  value : 0.164802 -4.10383 -0.0104446  
Constraint ID : 17  dof ID : 0  value : 0.929246 -0.216167 -111.141    dof ID : 1  value : 1.59239 0.549911 -66.9561    dof ID : 2  value : -0.0773254 0.379337 -27.638    dof ID : 3  value : -0.00155068 0.00872206 -0.821434  
Constraint ID : 18  dof ID : 0  value : -7.04297 -137.118 -1.37377    dof ID : 1  value : -10.1006 -86.2858 -1.17715    dof ID : 2  value : 1.45696 -35.9041 -0.449695    dof ID : 3  value : 0.0189058 -1.02687 -0.0129889  
Constraint ID : 19  dof ID : 0  value : 1.24745 -0.785821 -204.535    dof ID : 1  value : 1.84473 0.164104 -160.351    dof ID : 2  value : -2.15315 0.0101096 -121.021    dof ID : 3  value : -0.841813 -0.169696 -80.2461    dof ID : 4  value : 0.0310027 -0.0804104 -33.8527    dof ID : 5  value : 0.000829518 -0.0019342 -0.974059  
Constraint ID : 20  dof ID : 0  value : 8.39852 -237.866 1.53039    dof ID : 1  value : 7.48703 -186.537 0.786968    dof ID : 2  value : 32.0201 -133.503 0.00641798    dof ID : 3  value : 13.6706 -85.8817 0.0587252    dof ID : 4  value : 1.10718 -35.9275 0.0792794    dof ID : 5  value : 0.000408267 -1.02722 0.00243103  
Constraint ID : 21  dof ID : 0  value : 2.21407 -0.976178 -302.597    dof ID : 1  value : 2.73246 0.17992 -258.412    dof ID : 2  value : -3.76695 0.122509 -219.086    dof ID : 3  value : -0.975338 0.0906712 -178.321    dof ID : 4  value : 1.12422 0.0725732 -131.925    dof ID : 5  value : 0.465841 0.103871 -83.4554    dof ID : 6  value : -0.00929268 0.0566407 -34.5622    dof ID : 7  value : -0.00040395 0.00148342 -0.993322  
Constraint ID : 22  dof ID : 0  value : 35.8392 -336.439 0.291699    dof ID : 1  value : 37.0293 -284.381 -0.364195    dof ID : 2  value : 74.1033 -227.144 -1.64454    dof ID : 3  value : 38.1422 -185.28 -0.766012    dof ID : 4  value : 7.5743 -138.392 -0.208798    dof ID : 5  value : 2.06119 -87.2707 -0.121677    dof ID : 6  value : 0.75332 -35.941 -0.0572457    dof ID : 7  value : 0.00626221 -1.02719 -0.00167771  
Constraint ID : 23  dof ID : 0  value : 3.01527 -1.55471 -416.723    dof ID : 1  value : 3.49195 -0.204598 -370.523    dof ID : 2  value : -5.80617 -0.130857 -328.579    dof ID : 3  value : -1.44457 0.114118 -285.374    dof ID : 4  value : 1.94889 0.0349609 -237.323    dof ID : 5  value : 0.556548 0.012638 -187.604    dof ID : 6  value : -0.574929 0.0119923 -137.563    dof ID : 7  value : -0.278928 0.00362805 -87.0404    dof ID : 8  value : -0.0159551 0.000574144 -35.934    dof ID : 9  value : 0.000107554 -2.00792e-05 -1.02655  
Constraint ID : 24  dof ID : 0  value : 77.6382 -429.619 1.96918    dof ID : 1  value : 80.7846 -376.523 0.897628    dof ID : 2  value : 129.664 -313.27 -1.87416    dof ID : 3  value : 77.1649 -279.736 -0.563583    dof ID : 4  value : 29.2709 -238.565 0.283455    dof ID : 5  value : 19.4175 -188.312 0.132603    dof ID : 6  value : 15.368 -137.406 -0.0331994    dof ID : 7  value : 7.90721 -86.811 -0.0237805    dof ID : 8  value : 1.70682 -35.8932 -0.00136246    dof ID : 9  value : 0.00632428 -1.02719 1.82889e-05  
Constraint ID : 25  dof ID : 0  value : 3.16442 -1.59076 -445.873    dof ID : 1  value : 3.57784 -0.142447 -401.557    dof ID : 2  value : -6.52605 -0.110043 -362.057    dof ID : 3  value : -1.64059 0.160906 -321.157    dof ID : 4  value : 2.19669 0.0767843 -274.652    dof ID : 5  value : 0.538221 0.0521315 -226.1    dof ID : 6  value : -0.835996 0.037864 -177.126    dof ID : 7  value : -0.415185 0.0180202 -127.48    dof ID : 8  value : -0.00395878 0.00755765 -76.8963    dof ID : 9  value : 0.0134247 0.000648082 -25.674  
Constraint ID : 26  dof ID : 0  value : 99.6341 -464.13 2.01025    dof ID : 1  value : 103.497 -410.509 0.879804    dof ID : 2  value : 156.693 -344.183 -2.48431    dof ID : 3  value : 98.128 -314.912 -0.799839    dof ID : 4  value : 43.7015 -277.015 0.317188    dof ID : 5  value : 32.1771 -227.36 0.100351    dof ID : 6  value : 27.0644 -176.781 -0.128878    dof ID : 7  value : 16.8267 -126.896 -0.0742826    dof ID : 8  value : 6.39001 -76.681 -0.0100993    dof ID : 9  value : 0.790212 -25.6623 -0.000201426  
Constraint ID : 27  dof ID : 0  value : 1.02914 -0.200421 -168.955    dof ID : 1  value : 1.44973 -0.528524 -143.037    dof ID : 2  value : -2.02982 0.0164797 -110.197    dof ID : 3  value : -0.660932 0.718179 -79.2106    dof ID : 4  value : 0.376586 0.442536 -57.4863    dof ID : 5  value : 0.0818053 0.0896978 -40.4809    dof ID : 6  value : -0.15304 0.187046 -24.7095    dof ID : 7  value : -0.091409 0.335996 -11.3233    dof ID : 8  value : -0.0281555 0.270114 -2.38104    dof ID : 9  value : -0.00544448 0.120987 1.00222    dof ID : 10  value : 1.51495e-07 0.0264904 0.440604    dof ID : 11  value : 3.33498e-14 0.0012639 0.0210104  
Constraint ID : 28  dof ID : 0  value : 3.93373 -1.901 -547.71    dof ID : 1  value : 4.26564 -0.244018 -503.526    dof ID : 2  value : -8.42375 -0.147194 -464.19    dof ID : 3  value : -2.01918 0.313313 -423.461    dof ID : 4  value : 3.07968 0.158781 -377.066    dof ID : 5  value : 0.706086 0.0850885 -328.603    dof ID : 6  value : -1.31265 0.0836908 -279.708    dof ID : 7  value : -0.573083 0.0836499 -230.13    dof ID : 8  value : 0.216266 0.0549868 -179.591    dof ID : 9  value : 0.222129 0.0131404 -128.385    dof ID : 10  value : 0.0623573 -0.000354895 -77.0381    dof ID : 11  value : 0.00315974 -6.62204e-08 -25.6805  
Constraint ID : 29  dof ID : 0  value : -156.017 549.522 -2.20793    dof ID : 1  value : -161.652 494.561 -0.916564    dof ID : 2  value : -225.516 420.379 3.98032    dof ID : 3  value : -151.957 402.008 1.35854    dof ID : 4  value : -81.33 372.562 -0.438544    dof ID : 5  value : -65.6523 324.47 -0.0359743    dof ID : 6  value : -57.8948 274.752 0.370715    dof ID : 7  value : -40.7433 226.753 0.205886    dof ID : 8  value : -19.7436 178.466 0.0365776    dof ID : 9  value : -3.39448 128.31 0.00537319    dof ID : 10  value : 1.03756 77.0322 0.000347659    dof ID : 11  value : 0.0525259 25.6805 -6.62204e-08  

/Cables/cableNode2/cosserat/cosseratCoordinate/cosseratCoordinateMO.showColor = 1 1 1 1
